<?xml version="1.0" encoding="UTF-8"?><testsuite errors="0" failures="1" name="Academy Choucair" skipped="0" tests="1" time="28.79" timestamp="2022-03-25 02:36:25"><testcase name="Cap. 1 - Primeros Pasos"><failure message="Expected answer&#10;Expected: is &lt;true&gt;&#10;     but: was &lt;false&gt;" type="java.lang.AssertionError">Expected answer
Expected: is &lt;true&gt;
     but: was &lt;false&gt;</failure><system-err>Expected answer
Expected: is &lt;true&gt;
     but: was &lt;false&gt;&#13;
co.com.choucair.certification.proyectobase.stepdefinitions.ChoucairAcademyStepDefinitions.heFindsTheCourseCalledResourcesRecursosAutomatizacionBancolombia(ChoucairAcademyStepDefinitions.java:33)&#13;
✽.he finds the course called resources Recursos Automatizacion Bancolombia(src/test/resources/features/academyChoucair.feature:10)&#13;
</system-err></testcase></testsuite>